1546930255622	geckodriver	INFO	geckodriver 0.18.0
1546930255636	geckodriver	INFO	Listening on 127.0.0.1:63022
1546930258704	geckodriver::marionette	INFO	Starting browser C:\Program Files\Mozilla Firefox\firefox.exe with args ["-marionette"]
1546930260217	addons.webextension.screenshots@mozilla.org	WARN	Loading extension 'screenshots@mozilla.org': Reading manifest: Invalid host permission: resource://pdf.js/
1546930260218	addons.webextension.screenshots@mozilla.org	WARN	Loading extension 'screenshots@mozilla.org': Reading manifest: Invalid host permission: about:reader*
1546930260336	Marionette	DEBUG	Received observer notification profile-after-change
1546930260426	Marionette	DEBUG	Received observer notification toplevel-window-ready
1546930260467	Marionette	DEBUG	Received observer notification command-line-startup
1546930260467	Marionette	DEBUG	Received observer notification nsPref:changed
1546930260467	Marionette	DEBUG	Init aborted (running=false, enabled=true, finalUIStartup=false)
1546930260798	Marionette	DEBUG	Received observer notification toplevel-window-ready
1546930262443	Marionette	DEBUG	Received observer notification sessionstore-windows-restored
1546930262444	Marionette	DEBUG	Waiting for delayed startup...
1546930262553	Marionette	DEBUG	Setting recommended pref app.normandy.api_url to 
1546930262553	Marionette	DEBUG	Setting recommended pref app.update.disabledForTesting to true
1546930262553	Marionette	DEBUG	Setting recommended pref security.turn_off_all_security_so_that_viruses_can_take_over_this_computer to true
1546930262554	Marionette	DEBUG	Setting recommended pref browser.contentblocking.introCount to 99
1546930262554	Marionette	DEBUG	Setting recommended pref browser.safebrowsing.passwords.enabled to false
1546930262555	Marionette	DEBUG	Setting recommended pref browser.urlbar.suggest.searches to false
1546930262555	Marionette	DEBUG	Setting recommended pref datareporting.policy.dataSubmissionPolicyAccepted to false
1546930262555	Marionette	DEBUG	Setting recommended pref dom.disable_beforeunload to true
1546930262555	Marionette	DEBUG	Setting recommended pref dom.file.createInChild to true
1546930262555	Marionette	DEBUG	Setting recommended pref toolkit.cosmeticAnimations.enabled to false
1546930262615	Marionette	INFO	Listening on port 63030
1546930262615	Marionette	DEBUG	Remote service is active
1546930262919	Marionette	DEBUG	Accepted connection 0 from 127.0.0.1:63038
1546930262921	Marionette	TRACE	0 -> [0,1,"newSession",{"acceptInsecureCerts":true,"browserName":"firefox","capabilities":{"desiredCapabilities":{"acceptInsecureCerts":true,"browserName":"firefox"}}}]
1546930262921	Marionette	TRACE	0 <- [1,1,{"error":"unknown command","message":"newSession","stacktrace":"WebDriverError@chrome://marionette/content/error.js:178: ... et@chrome://marionette/content/server.js:236:8\n_onJSONObjectReady/<@chrome://marionette/content/transport.js:490:9\n"},null]
1546930262966	Marionette	DEBUG	Closed connection 0
[Parent 2532, Gecko_IOThread] WARNING: pipe error: 109: file z:/build/build/src/ipc/chromium/src/chrome/common/ipc_channel_win.cc, line 346
[Parent 2532, Gecko_IOThread] WARNING: pipe error: 109: file z:/build/build/src/ipc/chromium/src/chrome/common/ipc_channel_win.cc, line 346
[Child 8912, Chrome_ChildThread] WARNING: pipe error: 109: file z:/build/build/src/ipc/chromium/src/chrome/common/ipc_channel_win.cc, line 346
[Child 9724, Chrome_ChildThread] WARNING: pipe error: 109: file z:/build/build/src/ipc/chromium/src/chrome/common/ipc_channel_win.cc, line 346
[Child 9724, Chrome_ChildT1546930276372	Marionette	DEBUG	Received observer notification xpcom-will-shutdown
1546930276372	Marionette	DEBUG	Resetting recommended pref app.normandy.api_url
1546930276372	Marionette	DEBUG	Resetting recommended pref app.update.disabledForTesting
1546930276372	Marionette	DEBUG	Resetting recommended pref security.turn_off_all_security_so_that_viruses_can_take_over_this_computer
1546930276372	Marionette	DEBUG	Resetting recommended pref browser.contentblocking.introCount
1546930276372	Marionette	DEBUG	Resetting recommended pref browser.safebrowsing.passwords.enabled
1546930276372	Marionette	DEBUG	Resetting recommended pref browser.urlbar.suggest.searches
1546930276373	Marionette	DEBUG	Resetting recommended pref datareporting.policy.dataSubmissionPolicyAccepted
1546930276373	Marionette	DEBUG	Resetting recommended pref dom.disable_beforeunload
1546930276373	Marionette	DEBUG	Resetting recommended pref dom.file.createInChild
1546930276374	Marionette	DEBUG	Resetting recommended pref toolkit.cosmeticAnimations.enabled
1546930276374	Marionette	INFO	Stopped listening on port 63030
1546930276374	Marionette	DEBUG	Remote service is inactive
[GPU 10432, Chrome_ChildThread] WARNING: pipe error: 109: file z:/
###!!! [Child][RunMessage] Error: Channel closing: too late to send/recv, messages will be lost

build/build/src/ipc/
###!!! [Child][MessageChannel::SendAndWait] Error: (msgtype=0x4E0005,name=PImageBridge::Msg_WillClose) Channel error: cannot send/recv

1546930307487	geckodriver	INFO	geckodriver 0.18.0
1546930307498	geckodriver	INFO	Listening on 127.0.0.1:63060
1546930310540	geckodriver::marionette	INFO	Starting browser C:\Program Files\Mozilla Firefox\firefox.exe with args ["-marionette"]
1546930311298	addons.webextension.screenshots@mozilla.org	WARN	Loading extension 'screenshots@mozilla.org': Reading manifest: Invalid host permission: resource://pdf.js/
1546930311298	addons.webextension.screenshots@mozilla.org	WARN	Loading extension 'screenshots@mozilla.org': Reading manifest: Invalid host permission: about:reader*
1546930311413	Marionette	DEBUG	Received observer notification profile-after-change
1546930311502	Marionette	DEBUG	Received observer notification toplevel-window-ready
1546930311535	Marionette	DEBUG	Received observer notification command-line-startup
1546930311535	Marionette	DEBUG	Received observer notification nsPref:changed
1546930311535	Marionette	DEBUG	Init aborted (running=false, enabled=true, finalUIStartup=false)
1546930311750	Marionette	DEBUG	Received observer notification toplevel-window-ready
1546930312788	Marionette	DEBUG	Received observer notification sessionstore-windows-restored
1546930312788	Marionette	DEBUG	Waiting for delayed startup...
1546930312876	Marionette	DEBUG	Setting recommended pref app.normandy.api_url to 
1546930312876	Marionette	DEBUG	Setting recommended pref app.update.disabledForTesting to true
1546930312876	Marionette	DEBUG	Setting recommended pref security.turn_off_all_security_so_that_viruses_can_take_over_this_computer to true
1546930312877	Marionette	DEBUG	Setting recommended pref browser.contentblocking.introCount to 99
1546930312878	Marionette	DEBUG	Setting recommended pref browser.safebrowsing.passwords.enabled to false
1546930312878	Marionette	DEBUG	Setting recommended pref browser.urlbar.suggest.searches to false
1546930312878	Marionette	DEBUG	Setting recommended pref datareporting.policy.dataSubmissionPolicyAccepted to false
1546930312878	Marionette	DEBUG	Setting recommended pref dom.disable_beforeunload to true
1546930312879	Marionette	DEBUG	Setting recommended pref dom.file.createInChild to true
1546930312879	Marionette	DEBUG	Setting recommended pref toolkit.cosmeticAnimations.enabled to false
1546930312923	Marionette	INFO	Listening on port 63068
1546930312923	Marionette	DEBUG	Remote service is active
1546930313660	Marionette	DEBUG	Accepted connection 0 from 127.0.0.1:63086
1546930313661	Marionette	TRACE	0 -> [0,1,"newSession",{"acceptInsecureCerts":true,"browserName":"firefox","capabilities":{"desiredCapabilities":{"acceptInsecureCerts":true,"browserName":"firefox"}}}]
1546930313662	Marionette	TRACE	0 <- [1,1,{"error":"unknown command","message":"newSession","stacktrace":"WebDriverError@chrome://marionette/content/error.js:178: ... et@chrome://marionette/content/server.js:236:8\n_onJSONObjectReady/<@chrome://marionette/content/transport.js:490:9\n"},null]
1546930313680	Marionette	DEBUG	Closed connection 0
[Parent 9988, Gecko_IOThread] WARNING: pipe error: 109: file z:/build/build/src/ipc/chromium/src/chrome/common/ipc_channel_win.cc, line 346
[Child 8496, Chrome_ChildThread] WARNING: pipe error: 109: file z:/build/build/src/ipc/chromium/src/chrome/common/ipc_channel_win.cc, line 346
[Child 8496, Chrome_ChildThread] WARNIN[Parent 9988, Gecko_IOThread] WARNING: pipe error: 109: file z:/build/build/src/ipc/chromium/src/chrome/common/ipc_channel_win.cc, line 346
1546930321589	Marionette	DEBUG	Received observer notification xpcom-will-shutdown
1546930321589	Marionette	DEBUG	Resetting recommended pref app.normandy.api_url
1546930321590	Marionette	DEBUG	Resetting recommended pref app.update.disabledForTesting
1546930321590	Marionette	DEBUG	Resetting recommended pref security.turn_off_all_security_so_that_viruses_can_take_over_this_computer
1546930321590	Marionette	DEBUG	Resetting recommended pref browser.contentblocking.introCount
1546930321590	Marionette	DEBUG	Resetting recommended pref browser.safebrowsing.passwords.enabled
1546930321590	Marionette	DEBUG	Resetting recommended pref browser.urlbar.suggest.searches
1546930321590	Marionette	DEBUG	Resetting recommended pref datareporting.policy.dataSubmissionPolicyAccepted
1546930321591	Marionette	DEBUG	Resetting recommended pref dom.disable_beforeunload
1546930321591	Marionette	DEBUG	Resetting recommended pref dom.file.createInChild
1546930321591	Marionette	DEBUG	Resetting recommended pref toolkit.cosmeticAnimations.enabled
1546930321591	Marionette	INFO	Stopped listening on port 63068
1546930321592	Marionette	DEBUG	Remote service is inactive
[GPU 10296, Chrome_ChildThread] WARNING: pipe error: 109: file 